  deferred.cpp
  main.cpp
src/main.cpp(41): warning C4244: 'argument': conversion from 'time_t' to 'unsigned int', possible loss of data
src/main.cpp(51): warning C4305: 'initializing': truncation from 'double' to 'float'
src/main.cpp(52): warning C4305: 'initializing': truncation from 'double' to 'float'
src/main.cpp(91): warning C4244: 'argument': conversion from 'double' to 'float', possible loss of data
src/main.cpp(93): warning C4244: 'initializing': conversion from 'float' to 'int', possible loss of data
src/main.cpp(232): warning C4244: 'initializing': conversion from 'double' to 'float', possible loss of data
src/main.cpp(234): warning C4244: 'initializing': conversion from 'double' to 'float', possible loss of data
src/main.cpp(312): warning C4305: '=': truncation from 'double' to 'float'
src/main.cpp(343): warning C4244: 'initializing': conversion from 'double' to 'float', possible loss of data
src/main.cpp(387): warning C4305: 'argument': truncation from 'double' to 'float'
src/main.cpp(388): warning C4305: 'argument': truncation from 'double' to 'float'
src/main.cpp(396): warning C4305: 'argument': truncation from 'double' to 'float'
  chunk.cpp
src/minecraft/chunk.cpp(77): warning C4244: 'argument': conversion from 'int' to 'float', possible loss of data
src/minecraft/chunk.cpp(121): warning C4244: 'initializing': conversion from 'double' to 'int', possible loss of data
src/minecraft/chunk.cpp(145): warning C4244: 'initializing': conversion from 'double' to 'int', possible loss of data
  world_renderer.cpp
src/minecraft/world_renderer.cpp(15): warning C4018: '<': signed/unsigned mismatch
  Generating Code...
f:\users\wes taylor\desktop\summer\minecraft\src\minecraft\chunk.cpp(28): warning C4715: 'minecraft::BlockInstanceData::BlockTypeToUV': not all control paths return a value
LINK : warning LNK4098: defaultlib 'MSVCRTD' conflicts with use of other libs; use /NODEFAULTLIB:library
  minecraft.vcxproj -> F:\Users\Wes Taylor\Desktop\summer\minecraft\Debug\minecraft.exe
